<?xml version="1.0" encoding="UTF-8"?>
<testsuite xmlns:xsi="http://www.w3.org/2001/XMLSchema-instance" xsi:noNamespaceSchemaLocation="https://maven.apache.org/surefire/maven-surefire-plugin/xsd/surefire-test-report.xsd" name="tutorials.LinkedListTest" time="0.012" tests="11" errors="0" skipped="0" failures="0">
  <properties>
[...]
</properties>
  <testcase name="containsTest" classname="tutorials.LinkedListTest" time="0.006"/>
  <testcase name="getExceptTest" classname="tutorials.LinkedListTest" time="0"/>
  <testcase name="addTest" classname="tutorials.LinkedListTest" time="0"/>
  <testcase name="setExceptTest" classname="tutorials.LinkedListTest" time="0"/>
  <testcase name="isEmptyTest" classname="tutorials.LinkedListTest" time="0"/>
  <testcase name="getTest" classname="tutorials.LinkedListTest" time="0.002"/>
  <testcase name="removeAllTest" classname="tutorials.LinkedListTest" time="0"/>
  <testcase name="sizeTest" classname="tutorials.LinkedListTest" time="0"/>
  <testcase name="removeTest" classname="tutorials.LinkedListTest" time="0.003"/>
  <testcase name="indexOfTest" classname="tutorials.LinkedListTest" time="0"/>
  <testcase name="setTest" classname="tutorials.LinkedListTest" time="0"/>
</testsuite>