<?xml version="1.0" encoding="UTF-8"?>
<coverage generated="1561632702385" clover="4.3.1">
   <project name="tutorials 1.0-SNAPSHOT" timestamp="1561632698872">
      <metrics coveredelements="182" complexity="58" loc="286" methods="25" classes="6" statements="116" packages="1" coveredconditionals="50" coveredmethods="22" elements="191" ncloc="203" files="4" conditionals="50" coveredstatements="110"/>
      <package name="tutorials">
         <metrics coveredelements="182" complexity="58" loc="286" methods="25" classes="6" statements="116" coveredconditionals="50" coveredmethods="22" elements="191" ncloc="203" files="4" conditionals="50" coveredstatements="110"/>
         <file path="/home/phoudail/Projects/tutorials/src/main/java/tutorials/App.java" name="App.java">
            <metrics coveredelements="0" coveredconditionals="0" complexity="1" loc="13" coveredmethods="0" methods="1" elements="2" classes="1" ncloc="8" statements="1" conditionals="0" coveredstatements="0"/>
            <class name="App">
               <metrics coveredelements="0" coveredconditionals="0" complexity="1" coveredmethods="0" methods="1" elements="2" statements="1" conditionals="0" coveredstatements="0"/>
            </class>
            <line complexity="1" visibility="public" signature="main(String[]) : void" num="9" count="0" type="method"/>
            <line num="11" count="0" type="stmt"/>
         </file>
         <file path="/home/phoudail/Projects/tutorials/src/main/java/tutorials/LinkedList.java" name="LinkedList.java">
            <metrics coveredelements="91" coveredconditionals="26" complexity="30" loc="124" coveredmethods="11" methods="12" elements="94" classes="2" ncloc="93" statements="56" conditionals="26" coveredstatements="54"/>
            <class name="LinkedList">
               <metrics coveredelements="88" coveredconditionals="26" complexity="28" coveredmethods="10" methods="10" elements="88" statements="52" conditionals="26" coveredstatements="52"/>
            </class>
            <class name="LinkedNode">
               <metrics coveredelements="3" coveredconditionals="0" complexity="2" coveredmethods="1" methods="2" elements="6" statements="4" conditionals="0" coveredstatements="2"/>
            </class>
            <line complexity="1" visibility="public" signature="LinkedList()" num="10" count="12" type="method"/>
            <line num="11" count="12" type="stmt"/>
            <line num="12" count="12" type="stmt"/>
            <line complexity="3" visibility="public" signature="add(T) : void" num="16" count="33" type="method"/>
            <line num="17" count="33" type="stmt"/>
            <line num="18" count="33" type="stmt"/>
            <line falsecount="22" truecount="11" num="18" type="cond"/>
            <line num="19" count="11" type="stmt"/>
            <line num="21" count="22" type="stmt"/>
            <line num="22" count="22" type="stmt"/>
            <line falsecount="22" truecount="16" num="22" type="cond"/>
            <line num="23" count="16" type="stmt"/>
            <line num="25" count="22" type="stmt"/>
            <line num="27" count="33" type="stmt"/>
            <line complexity="8" visibility="public" signature="remove(T) : void" num="31" count="8" type="method"/>
            <line num="32" count="8" type="stmt"/>
            <line falsecount="3" truecount="5" num="32" type="cond"/>
            <line num="33" count="5" type="stmt"/>
            <line num="34" count="5" type="stmt"/>
            <line num="35" count="5" type="stmt"/>
            <line num="36" count="5" type="stmt"/>
            <line falsecount="5" truecount="5" num="36" type="cond"/>
            <line num="37" count="5" type="stmt"/>
            <line num="38" count="5" type="stmt"/>
            <line num="40" count="5" type="stmt"/>
            <line falsecount="1" truecount="4" num="40" type="cond"/>
            <line num="41" count="4" type="stmt"/>
            <line num="42" count="4" type="stmt"/>
            <line num="44" count="3" type="stmt"/>
            <line falsecount="1" truecount="2" num="44" type="cond"/>
            <line num="45" count="2" type="stmt"/>
            <line num="46" count="2" type="stmt"/>
            <line complexity="2" visibility="public" signature="removeAll(T) : void" num="51" count="1" type="method"/>
            <line num="52" count="1" type="stmt"/>
            <line falsecount="1" truecount="2" num="52" type="cond"/>
            <line num="53" count="2" type="stmt"/>
            <line complexity="4" visibility="public" signature="get(int) : T" num="58" count="7" type="method"/>
            <line num="59" count="7" type="stmt"/>
            <line falsecount="6" truecount="1" num="59" type="cond"/>
            <line num="60" count="1" type="stmt"/>
            <line num="62" count="6" type="stmt"/>
            <line num="63" count="6" type="stmt"/>
            <line num="64" count="6" type="stmt"/>
            <line falsecount="6" truecount="5" num="64" type="cond"/>
            <line num="65" count="5" type="stmt"/>
            <line num="66" count="5" type="stmt"/>
            <line num="68" count="6" type="stmt"/>
            <line complexity="4" visibility="public" signature="set(int,T) : void" num="72" count="2" type="method"/>
            <line num="73" count="2" type="stmt"/>
            <line falsecount="1" truecount="1" num="73" type="cond"/>
            <line num="74" count="1" type="stmt"/>
            <line num="76" count="1" type="stmt"/>
            <line num="77" count="1" type="stmt"/>
            <line num="78" count="1" type="stmt"/>
            <line falsecount="1" truecount="1" num="78" type="cond"/>
            <line num="79" count="1" type="stmt"/>
            <line num="80" count="1" type="stmt"/>
            <line num="82" count="1" type="stmt"/>
            <line complexity="3" visibility="public" signature="indexOf(T) : int" num="86" count="14" type="method"/>
            <line num="87" count="14" type="stmt"/>
            <line num="88" count="14" type="stmt"/>
            <line num="89" count="14" type="stmt"/>
            <line falsecount="7" truecount="31" num="89" type="cond"/>
            <line num="90" count="31" type="stmt"/>
            <line num="90" count="7" type="stmt"/>
            <line falsecount="24" truecount="7" num="90" type="cond"/>
            <line num="91" count="24" type="stmt"/>
            <line num="92" count="24" type="stmt"/>
            <line num="94" count="7" type="stmt"/>
            <line complexity="1" visibility="public" signature="contains(T) : boolean" num="98" count="10" type="method"/>
            <line num="99" count="10" type="stmt"/>
            <line complexity="1" visibility="public" signature="size() : int" num="103" count="11" type="method"/>
            <line num="104" count="11" type="stmt"/>
            <line complexity="1" visibility="public" signature="isEmpty() : boolean" num="108" count="2" type="method"/>
            <line num="109" count="2" type="stmt"/>
            <line complexity="1" visibility="public" signature="LinkedNode(T)" num="120" count="33" type="method"/>
            <line num="120" count="33" type="stmt"/>
            <line num="120" count="33" type="stmt"/>
            <line complexity="1" visibility="public" signature="LinkedNode(T,LinkedNode&lt;T&gt;)" num="122" count="0" type="method"/>
            <line num="122" count="0" type="stmt"/>
            <line num="122" count="0" type="stmt"/>
         </file>
         <file path="/home/phoudail/Projects/tutorials/src/main/java/tutorials/LinkedListv2.java" name="LinkedListv2.java">
            <metrics coveredelements="91" coveredconditionals="24" complexity="27" loc="111" coveredmethods="11" methods="12" elements="95" classes="2" ncloc="90" statements="59" conditionals="24" coveredstatements="56"/>
            <class name="LinkedListv2">
               <metrics coveredelements="87" coveredconditionals="24" complexity="25" coveredmethods="10" methods="10" elements="87" statements="53" conditionals="24" coveredstatements="53"/>
            </class>
            <class name="LinkedNodev2">
               <metrics coveredelements="4" coveredconditionals="0" complexity="2" coveredmethods="1" methods="2" elements="8" statements="6" conditionals="0" coveredstatements="3"/>
            </class>
            <line complexity="1" visibility="public" signature="LinkedListv2()" num="9" count="12" type="method"/>
            <line num="10" count="12" type="stmt"/>
            <line num="11" count="12" type="stmt"/>
            <line num="12" count="12" type="stmt"/>
            <line complexity="2" visibility="public" signature="add(T) : void" num="15" count="33" type="method"/>
            <line num="16" count="33" type="stmt"/>
            <line num="17" count="33" type="stmt"/>
            <line falsecount="22" truecount="11" num="17" type="cond"/>
            <line num="18" count="11" type="stmt"/>
            <line num="19" count="11" type="stmt"/>
            <line num="21" count="22" type="stmt"/>
            <line num="22" count="22" type="stmt"/>
            <line num="23" count="22" type="stmt"/>
            <line num="25" count="33" type="stmt"/>
            <line complexity="6" visibility="public" signature="remove(T) : void" num="28" count="8" type="method"/>
            <line num="29" count="8" type="stmt"/>
            <line num="30" count="8" type="stmt"/>
            <line falsecount="8" truecount="10" num="30" type="cond"/>
            <line num="31" count="10" type="stmt"/>
            <line num="33" count="8" type="stmt"/>
            <line falsecount="2" truecount="6" num="33" type="cond"/>
            <line num="34" count="6" type="stmt"/>
            <line num="35" count="6" type="stmt"/>
            <line num="36" count="6" type="stmt"/>
            <line num="36" count="4" type="stmt"/>
            <line num="36" count="2" type="stmt"/>
            <line falsecount="2" truecount="4" num="36" type="cond"/>
            <line num="37" count="6" type="stmt"/>
            <line num="37" count="4" type="stmt"/>
            <line num="37" count="2" type="stmt"/>
            <line falsecount="2" truecount="4" num="37" type="cond"/>
            <line num="38" count="6" type="stmt"/>
            <line complexity="2" visibility="public" signature="removeAll(T) : void" num="42" count="1" type="method"/>
            <line num="43" count="1" type="stmt"/>
            <line falsecount="1" truecount="2" num="43" type="cond"/>
            <line num="44" count="2" type="stmt"/>
            <line complexity="4" visibility="public" signature="get(int) : T" num="48" count="7" type="method"/>
            <line num="49" count="7" type="stmt"/>
            <line falsecount="6" truecount="1" num="49" type="cond"/>
            <line num="50" count="1" type="stmt"/>
            <line num="52" count="6" type="stmt"/>
            <line num="53" count="6" type="stmt"/>
            <line num="54" count="6" type="stmt"/>
            <line falsecount="6" truecount="5" num="54" type="cond"/>
            <line num="55" count="5" type="stmt"/>
            <line num="56" count="5" type="stmt"/>
            <line num="58" count="6" type="stmt"/>
            <line complexity="4" visibility="public" signature="set(int,T) : void" num="62" count="2" type="method"/>
            <line num="63" count="2" type="stmt"/>
            <line falsecount="1" truecount="1" num="63" type="cond"/>
            <line num="64" count="1" type="stmt"/>
            <line num="66" count="1" type="stmt"/>
            <line num="67" count="1" type="stmt"/>
            <line num="68" count="1" type="stmt"/>
            <line falsecount="1" truecount="1" num="68" type="cond"/>
            <line num="69" count="1" type="stmt"/>
            <line num="70" count="1" type="stmt"/>
            <line num="72" count="1" type="stmt"/>
            <line complexity="3" visibility="public" signature="indexOf(T) : int" num="75" count="14" type="method"/>
            <line num="76" count="14" type="stmt"/>
            <line num="77" count="14" type="stmt"/>
            <line num="78" count="14" type="stmt"/>
            <line falsecount="7" truecount="31" num="78" type="cond"/>
            <line num="79" count="31" type="stmt"/>
            <line num="79" count="7" type="stmt"/>
            <line falsecount="24" truecount="7" num="79" type="cond"/>
            <line num="80" count="24" type="stmt"/>
            <line num="81" count="24" type="stmt"/>
            <line num="83" count="7" type="stmt"/>
            <line complexity="1" visibility="public" signature="contains(T) : boolean" num="86" count="10" type="method"/>
            <line num="87" count="10" type="stmt"/>
            <line complexity="1" visibility="public" signature="size() : int" num="90" count="11" type="method"/>
            <line num="91" count="11" type="stmt"/>
            <line complexity="1" visibility="public" signature="isEmpty() : boolean" num="94" count="2" type="method"/>
            <line num="95" count="2" type="stmt"/>
            <line complexity="1" visibility="public" signature="LinkedNodev2(T)" num="107" count="33" type="method"/>
            <line num="107" count="33" type="stmt"/>
            <line num="107" count="33" type="stmt"/>
            <line num="107" count="33" type="stmt"/>
            <line complexity="1" visibility="public" signature="LinkedNodev2(T,LinkedNodev2&lt;T&gt;,LinkedNodev2&lt;T&gt;)" num="109" count="0" type="method"/>
            <line num="109" count="0" type="stmt"/>
            <line num="109" count="0" type="stmt"/>
            <line num="109" count="0" type="stmt"/>
         </file>
         <file path="/home/phoudail/Projects/tutorials/src/main/java/tutorials/List.java" name="List.java">
            <metrics coveredelements="0" coveredconditionals="0" complexity="0" loc="38" coveredmethods="0" methods="0" elements="0" classes="1" ncloc="12" statements="0" conditionals="0" coveredstatements="0"/>
            <class name="List">
               <metrics coveredelements="0" coveredconditionals="0" complexity="0" coveredmethods="0" methods="0" elements="0" statements="0" conditionals="0" coveredstatements="0"/>
            </class>
         </file>
      </package>
   </project>
   <testproject name="tutorials 1.0-SNAPSHOT" timestamp="1561632698872">
      <metrics coveredelements="188" complexity="24" loc="292" methods="24" classes="2" statements="164" packages="1" coveredconditionals="0" coveredmethods="24" elements="188" ncloc="250" files="2" conditionals="0" coveredstatements="164"/>
      <package name="tutorials">
         <metrics coveredelements="188" complexity="24" loc="292" methods="24" classes="2" statements="164" coveredconditionals="0" coveredmethods="24" elements="188" ncloc="250" files="2" conditionals="0" coveredstatements="164"/>
         <file path="/home/phoudail/Projects/tutorials/src/test/java/tutorials/LinkedListTest.java" name="LinkedListTest.java">
            <metrics coveredelements="94" coveredconditionals="0" complexity="12" loc="146" coveredmethods="12" methods="12" elements="94" classes="1" ncloc="125" statements="82" conditionals="0" coveredstatements="82"/>
            <class name="LinkedListTest">
               <metrics coveredelements="94" complexity="12" methods="12" testruns="11" statements="82" coveredconditionals="0" coveredmethods="12" elements="94" testfailures="0" testduration="0.002" conditionals="0" coveredstatements="82" testpasses="11"/>
            </class>
            <line complexity="1" visibility="public" signature="init() : void" num="16" count="11" type="method"/>
            <line num="18" count="11" type="stmt"/>
            <line complexity="1" visibility="public" signature="addTest() : void" num="21" testsuccess="true" count="1" testduration="0.0" type="method"/>
            <line num="23" count="1" type="stmt"/>
            <line num="24" count="1" type="stmt"/>
            <line num="25" count="1" type="stmt"/>
            <line num="26" count="1" type="stmt"/>
            <line num="27" count="1" type="stmt"/>
            <line num="28" count="1" type="stmt"/>
            <line num="29" count="1" type="stmt"/>
            <line complexity="1" visibility="public" signature="sizeTest() : void" num="32" testsuccess="true" count="1" testduration="0.0" type="method"/>
            <line num="34" count="1" type="stmt"/>
            <line num="35" count="1" type="stmt"/>
            <line num="36" count="1" type="stmt"/>
            <line num="37" count="1" type="stmt"/>
            <line num="38" count="1" type="stmt"/>
            <line num="39" count="1" type="stmt"/>
            <line num="40" count="1" type="stmt"/>
            <line num="41" count="1" type="stmt"/>
            <line num="42" count="1" type="stmt"/>
            <line complexity="1" visibility="public" signature="removeTest() : void" num="45" testsuccess="true" count="1" testduration="0.0" type="method"/>
            <line num="47" count="1" type="stmt"/>
            <line num="48" count="1" type="stmt"/>
            <line num="49" count="1" type="stmt"/>
            <line num="50" count="1" type="stmt"/>
            <line num="51" count="1" type="stmt"/>
            <line num="52" count="1" type="stmt"/>
            <line num="53" count="1" type="stmt"/>
            <line num="54" count="1" type="stmt"/>
            <line num="55" count="1" type="stmt"/>
            <line num="56" count="1" type="stmt"/>
            <line num="57" count="1" type="stmt"/>
            <line num="58" count="1" type="stmt"/>
            <line num="59" count="1" type="stmt"/>
            <line num="60" count="1" type="stmt"/>
            <line num="61" count="1" type="stmt"/>
            <line num="62" count="1" type="stmt"/>
            <line num="63" count="1" type="stmt"/>
            <line num="64" count="1" type="stmt"/>
            <line num="65" count="1" type="stmt"/>
            <line complexity="1" visibility="public" signature="removeAllTest() : void" num="68" testsuccess="true" count="1" testduration="0.0" type="method"/>
            <line num="70" count="1" type="stmt"/>
            <line num="71" count="1" type="stmt"/>
            <line num="72" count="1" type="stmt"/>
            <line num="73" count="1" type="stmt"/>
            <line num="74" count="1" type="stmt"/>
            <line num="75" count="1" type="stmt"/>
            <line num="76" count="1" type="stmt"/>
            <line num="77" count="1" type="stmt"/>
            <line complexity="1" visibility="public" signature="getExceptTest() : void" num="80" testsuccess="true" count="1" testduration="0.0" type="method"/>
            <line num="82" count="1" type="stmt"/>
            <line num="83" count="1" type="stmt"/>
            <line num="84" count="1" type="stmt"/>
            <line num="85" count="1" type="stmt"/>
            <line complexity="1" visibility="public" signature="getTest() : void" num="88" testsuccess="true" count="1" testduration="0.0" type="method"/>
            <line num="90" count="1" type="stmt"/>
            <line num="91" count="1" type="stmt"/>
            <line num="92" count="1" type="stmt"/>
            <line num="93" count="1" type="stmt"/>
            <line num="94" count="1" type="stmt"/>
            <line num="95" count="1" type="stmt"/>
            <line num="96" count="1" type="stmt"/>
            <line num="97" count="1" type="stmt"/>
            <line num="98" count="1" type="stmt"/>
            <line complexity="1" visibility="public" signature="setExceptTest() : void" num="101" testsuccess="true" count="1" testduration="0.001" type="method"/>
            <line num="103" count="1" type="stmt"/>
            <line num="104" count="1" type="stmt"/>
            <line num="105" count="1" type="stmt"/>
            <line num="106" count="1" type="stmt"/>
            <line complexity="1" visibility="public" signature="setTest() : void" num="109" testsuccess="true" count="1" testduration="0.0" type="method"/>
            <line num="111" count="1" type="stmt"/>
            <line num="112" count="1" type="stmt"/>
            <line num="113" count="1" type="stmt"/>
            <line num="114" count="1" type="stmt"/>
            <line num="115" count="1" type="stmt"/>
            <line num="116" count="1" type="stmt"/>
            <line complexity="1" visibility="public" signature="indexOfTest() : void" num="119" testsuccess="true" count="1" testduration="0.0" type="method"/>
            <line num="121" count="1" type="stmt"/>
            <line num="122" count="1" type="stmt"/>
            <line num="123" count="1" type="stmt"/>
            <line num="124" count="1" type="stmt"/>
            <line num="125" count="1" type="stmt"/>
            <line num="126" count="1" type="stmt"/>
            <line complexity="1" visibility="public" signature="containsTest() : void" num="129" testsuccess="true" count="1" testduration="0.001" type="method"/>
            <line num="131" count="1" type="stmt"/>
            <line num="132" count="1" type="stmt"/>
            <line num="133" count="1" type="stmt"/>
            <line num="134" count="1" type="stmt"/>
            <line num="135" count="1" type="stmt"/>
            <line num="136" count="1" type="stmt"/>
            <line complexity="1" visibility="public" signature="isEmptyTest() : void" num="139" testsuccess="true" count="1" testduration="0.0" type="method"/>
            <line num="141" count="1" type="stmt"/>
            <line num="142" count="1" type="stmt"/>
            <line num="143" count="1" type="stmt"/>
         </file>
         <file path="/home/phoudail/Projects/tutorials/src/test/java/tutorials/LinkedListv2Test.java" name="LinkedListv2Test.java">
            <metrics coveredelements="94" coveredconditionals="0" complexity="12" loc="146" coveredmethods="12" methods="12" elements="94" classes="1" ncloc="125" statements="82" conditionals="0" coveredstatements="82"/>
            <class name="LinkedListv2Test">
               <metrics coveredelements="94" complexity="12" methods="12" testruns="11" statements="82" coveredconditionals="0" coveredmethods="12" elements="94" testfailures="0" testduration="0.008" conditionals="0" coveredstatements="82" testpasses="11"/>
            </class>
            <line complexity="1" visibility="public" signature="init() : void" num="16" count="11" type="method"/>
            <line num="18" count="11" type="stmt"/>
            <line complexity="1" visibility="public" signature="addTest() : void" num="21" testsuccess="true" count="1" testduration="0.001" type="method"/>
            <line num="23" count="1" type="stmt"/>
            <line num="24" count="1" type="stmt"/>
            <line num="25" count="1" type="stmt"/>
            <line num="26" count="1" type="stmt"/>
            <line num="27" count="1" type="stmt"/>
            <line num="28" count="1" type="stmt"/>
            <line num="29" count="1" type="stmt"/>
            <line complexity="1" visibility="public" signature="sizeTest() : void" num="32" testsuccess="true" count="1" testduration="0.0" type="method"/>
            <line num="34" count="1" type="stmt"/>
            <line num="35" count="1" type="stmt"/>
            <line num="36" count="1" type="stmt"/>
            <line num="37" count="1" type="stmt"/>
            <line num="38" count="1" type="stmt"/>
            <line num="39" count="1" type="stmt"/>
            <line num="40" count="1" type="stmt"/>
            <line num="41" count="1" type="stmt"/>
            <line num="42" count="1" type="stmt"/>
            <line complexity="1" visibility="public" signature="removeTest() : void" num="45" testsuccess="true" count="1" testduration="0.001" type="method"/>
            <line num="47" count="1" type="stmt"/>
            <line num="48" count="1" type="stmt"/>
            <line num="49" count="1" type="stmt"/>
            <line num="50" count="1" type="stmt"/>
            <line num="51" count="1" type="stmt"/>
            <line num="52" count="1" type="stmt"/>
            <line num="53" count="1" type="stmt"/>
            <line num="54" count="1" type="stmt"/>
            <line num="55" count="1" type="stmt"/>
            <line num="56" count="1" type="stmt"/>
            <line num="57" count="1" type="stmt"/>
            <line num="58" count="1" type="stmt"/>
            <line num="59" count="1" type="stmt"/>
            <line num="60" count="1" type="stmt"/>
            <line num="61" count="1" type="stmt"/>
            <line num="62" count="1" type="stmt"/>
            <line num="63" count="1" type="stmt"/>
            <line num="64" count="1" type="stmt"/>
            <line num="65" count="1" type="stmt"/>
            <line complexity="1" visibility="public" signature="removeAllTest() : void" num="68" testsuccess="true" count="1" testduration="0.0" type="method"/>
            <line num="70" count="1" type="stmt"/>
            <line num="71" count="1" type="stmt"/>
            <line num="72" count="1" type="stmt"/>
            <line num="73" count="1" type="stmt"/>
            <line num="74" count="1" type="stmt"/>
            <line num="75" count="1" type="stmt"/>
            <line num="76" count="1" type="stmt"/>
            <line num="77" count="1" type="stmt"/>
            <line complexity="1" visibility="public" signature="getExceptTest() : void" num="80" testsuccess="true" count="1" testduration="0.0" type="method"/>
            <line num="82" count="1" type="stmt"/>
            <line num="83" count="1" type="stmt"/>
            <line num="84" count="1" type="stmt"/>
            <line num="85" count="1" type="stmt"/>
            <line complexity="1" visibility="public" signature="getTest() : void" num="88" testsuccess="true" count="1" testduration="0.0" type="method"/>
            <line num="90" count="1" type="stmt"/>
            <line num="91" count="1" type="stmt"/>
            <line num="92" count="1" type="stmt"/>
            <line num="93" count="1" type="stmt"/>
            <line num="94" count="1" type="stmt"/>
            <line num="95" count="1" type="stmt"/>
            <line num="96" count="1" type="stmt"/>
            <line num="97" count="1" type="stmt"/>
            <line num="98" count="1" type="stmt"/>
            <line complexity="1" visibility="public" signature="setExceptTest() : void" num="101" testsuccess="true" count="1" testduration="0.001" type="method"/>
            <line num="103" count="1" type="stmt"/>
            <line num="104" count="1" type="stmt"/>
            <line num="105" count="1" type="stmt"/>
            <line num="106" count="1" type="stmt"/>
            <line complexity="1" visibility="public" signature="setTest() : void" num="109" testsuccess="true" count="1" testduration="0.0" type="method"/>
            <line num="111" count="1" type="stmt"/>
            <line num="112" count="1" type="stmt"/>
            <line num="113" count="1" type="stmt"/>
            <line num="114" count="1" type="stmt"/>
            <line num="115" count="1" type="stmt"/>
            <line num="116" count="1" type="stmt"/>
            <line complexity="1" visibility="public" signature="indexOfTest() : void" num="119" testsuccess="true" count="1" testduration="0.0" type="method"/>
            <line num="121" count="1" type="stmt"/>
            <line num="122" count="1" type="stmt"/>
            <line num="123" count="1" type="stmt"/>
            <line num="124" count="1" type="stmt"/>
            <line num="125" count="1" type="stmt"/>
            <line num="126" count="1" type="stmt"/>
            <line complexity="1" visibility="public" signature="containsTest() : void" num="129" testsuccess="true" count="1" testduration="0.005" type="method"/>
            <line num="131" count="1" type="stmt"/>
            <line num="132" count="1" type="stmt"/>
            <line num="133" count="1" type="stmt"/>
            <line num="134" count="1" type="stmt"/>
            <line num="135" count="1" type="stmt"/>
            <line num="136" count="1" type="stmt"/>
            <line complexity="1" visibility="public" signature="isEmptyTest() : void" num="139" testsuccess="true" count="1" testduration="0.0" type="method"/>
            <line num="141" count="1" type="stmt"/>
            <line num="142" count="1" type="stmt"/>
            <line num="143" count="1" type="stmt"/>
         </file>
      </package>
   </testproject>
</coverage>